<?xml version="1.0" encoding="UTF-8"?>
<testng-results ignored="0" total="2" passed="2" failed="0" skipped="0">
  <reporter-output>
  </reporter-output>
  <suite started-at="2020-08-04T08:59:38 IST" name="Suite" finished-at="2020-08-04T08:59:56 IST" duration-ms="17900">
    <groups>
    </groups>
    <test started-at="2020-08-04T08:59:38 IST" name="firefox" finished-at="2020-08-04T08:59:55 IST" duration-ms="17272">
      <class name="grid.Selenium_Grid.TestExecution">
        <test-method signature="testParallel(java.lang.String)[pri:0, instance:grid.Selenium_Grid.TestExecution@6572421]" started-at="2020-08-04T08:59:38 IST" name="testParallel" finished-at="2020-08-04T08:59:55 IST" duration-ms="17209" status="PASS">
          <params>
            <param index="0">
              <value>
                <![CDATA[firefox]]>
              </value>
            </param>
          </params>
          <reporter-output>
          </reporter-output>
        </test-method> <!-- testParallel -->
      </class> <!-- grid.Selenium_Grid.TestExecution -->
    </test> <!-- firefox -->
    <test started-at="2020-08-04T08:59:38 IST" name="chrome" finished-at="2020-08-04T08:59:56 IST" duration-ms="17899">
      <class name="grid.Selenium_Grid.TestExecution">
        <test-method signature="testParallel(java.lang.String)[pri:0, instance:grid.Selenium_Grid.TestExecution@4ec4f3a0]" started-at="2020-08-04T08:59:38 IST" name="testParallel" finished-at="2020-08-04T08:59:56 IST" duration-ms="17845" status="PASS">
          <params>
            <param index="0">
              <value>
                <![CDATA[chrome]]>
              </value>
            </param>
          </params>
          <reporter-output>
          </reporter-output>
        </test-method> <!-- testParallel -->
      </class> <!-- grid.Selenium_Grid.TestExecution -->
    </test> <!-- chrome -->
  </suite> <!-- Suite -->
</testng-results>
